{"level":"info","message":"Hospital ERP Backend running on http://localhost:4000","service":"hospital-erp","timestamp":"2025-12-15T18:22:07.089Z"}
{"level":"info","message":"API Health: http://localhost:4000/api/health","service":"hospital-erp","timestamp":"2025-12-15T18:22:07.090Z"}
{"level":"info","message":"SIGTERM received, shutting down gracefully","service":"hospital-erp","timestamp":"2025-12-16T03:28:27.189Z"}
{"level":"info","message":"Hospital ERP Backend running on http://localhost:4000","service":"hospital-erp","timestamp":"2025-12-16T03:28:28.879Z"}
{"level":"info","message":"API Health: http://localhost:4000/api/health","service":"hospital-erp","timestamp":"2025-12-16T03:28:28.879Z"}
{"level":"info","message":"SIGTERM received, shutting down gracefully","service":"hospital-erp","timestamp":"2025-12-16T03:28:36.791Z"}
{"level":"info","message":"Hospital ERP Backend running on http://localhost:4000","service":"hospital-erp","timestamp":"2025-12-16T03:28:37.408Z"}
{"level":"info","message":"API Health: http://localhost:4000/api/health","service":"hospital-erp","timestamp":"2025-12-16T03:28:37.408Z"}
{"level":"info","message":"SIGTERM received, shutting down gracefully","service":"hospital-erp","timestamp":"2025-12-16T03:37:52.910Z"}
{"level":"info","message":"Hospital ERP Backend running on http://localhost:4000","service":"hospital-erp","timestamp":"2025-12-16T03:37:55.658Z"}
{"level":"info","message":"API Health: http://localhost:4000/api/health","service":"hospital-erp","timestamp":"2025-12-16T03:37:55.659Z"}
{"level":"info","message":"SIGTERM received, shutting down gracefully","service":"hospital-erp","timestamp":"2025-12-16T03:42:20.961Z"}
{"level":"info","message":"Hospital ERP Backend running on http://localhost:4000","service":"hospital-erp","timestamp":"2025-12-16T03:42:21.930Z"}
{"level":"info","message":"API Health: http://localhost:4000/api/health","service":"hospital-erp","timestamp":"2025-12-16T03:42:21.930Z"}
{"level":"info","message":"SIGTERM received, shutting down gracefully","service":"hospital-erp","timestamp":"2025-12-16T03:42:57.959Z"}
{"level":"info","message":"Hospital ERP Backend running on http://localhost:4000","service":"hospital-erp","timestamp":"2025-12-16T03:42:59.258Z"}
{"level":"info","message":"API Health: http://localhost:4000/api/health","service":"hospital-erp","timestamp":"2025-12-16T03:42:59.258Z"}
{"level":"info","message":"SIGTERM received, shutting down gracefully","service":"hospital-erp","timestamp":"2025-12-16T03:54:37.221Z"}
{"level":"info","message":"Hospital ERP Backend running on http://localhost:4000","service":"hospital-erp","timestamp":"2025-12-16T03:54:39.770Z"}
{"level":"info","message":"API Health: http://localhost:4000/api/health","service":"hospital-erp","timestamp":"2025-12-16T03:54:39.770Z"}
{"level":"info","message":"Hospital ERP Backend running on http://localhost:4000","service":"hospital-erp","timestamp":"2025-12-17T10:57:09.856Z"}
{"level":"info","message":"API Health: http://localhost:4000/api/health","service":"hospital-erp","timestamp":"2025-12-17T10:57:09.857Z"}
{"level":"info","message":"Hospital ERP Backend running on http://localhost:4000","service":"hospital-erp","timestamp":"2025-12-17T11:05:10.766Z"}
{"level":"info","message":"API Health: http://localhost:4000/api/health","service":"hospital-erp","timestamp":"2025-12-17T11:05:10.768Z"}
{"level":"info","message":"Hospital ERP Backend running on http://localhost:4000","service":"hospital-erp","timestamp":"2025-12-17T11:06:56.287Z"}
{"level":"info","message":"API Health: http://localhost:4000/api/health","service":"hospital-erp","timestamp":"2025-12-17T11:06:56.289Z"}
{"level":"info","message":"Hospital ERP Backend running on http://localhost:4000","service":"hospital-erp","timestamp":"2025-12-17T11:11:13.434Z"}
{"level":"info","message":"API Health: http://localhost:4000/api/health","service":"hospital-erp","timestamp":"2025-12-17T11:11:13.435Z"}
{"level":"info","message":"Hospital ERP Backend running on http://localhost:4000","service":"hospital-erp","timestamp":"2025-12-17T11:11:20.915Z"}
{"level":"info","message":"API Health: http://localhost:4000/api/health","service":"hospital-erp","timestamp":"2025-12-17T11:11:20.916Z"}
{"level":"info","message":"Hospital ERP Backend running on http://localhost:4000","service":"hospital-erp","timestamp":"2025-12-17T11:14:59.797Z"}
{"level":"info","message":"API Health: http://localhost:4000/api/health","service":"hospital-erp","timestamp":"2025-12-17T11:14:59.798Z"}
{"level":"info","message":"Hospital ERP Backend running on http://localhost:4000","service":"hospital-erp","timestamp":"2025-12-17T12:50:18.375Z"}
{"level":"info","message":"API Health: http://localhost:4000/api/health","service":"hospital-erp","timestamp":"2025-12-17T12:50:18.376Z"}
{"event":"LOGIN_FAILED","ip":"::1","level":"warn","message":"SECURITY_EVENT","reason":"invalid_user","service":"hospital-erp","timestamp":"2025-12-17T12:50:31.120Z","username":"admin"}
{"level":"info","message":"Hospital ERP Backend running on http://localhost:4000","service":"hospital-erp","timestamp":"2025-12-17T13:10:23.298Z"}
{"level":"info","message":"API Health: http://localhost:4000/api/health","service":"hospital-erp","timestamp":"2025-12-17T13:10:23.299Z"}
{"event":"LOGIN_FAILED","ip":"::1","level":"warn","message":"SECURITY_EVENT","reason":"invalid_user","service":"hospital-erp","timestamp":"2025-12-17T13:55:27.008Z","username":"admin"}
{"level":"info","message":"Hospital ERP Backend running on http://localhost:4000","service":"hospital-erp","timestamp":"2025-12-17T14:01:01.342Z"}
{"level":"info","message":"API Health: http://localhost:4000/api/health","service":"hospital-erp","timestamp":"2025-12-17T14:01:01.343Z"}
{"event":"LOGIN_FAILED","ip":"::1","level":"warn","message":"SECURITY_EVENT","reason":"invalid_user","service":"hospital-erp","timestamp":"2025-12-17T14:01:15.575Z","username":"admin"}
{"level":"info","message":"Hospital ERP Backend running on http://localhost:4000","service":"hospital-erp","timestamp":"2025-12-17T14:02:36.424Z"}
{"level":"info","message":"API Health: http://localhost:4000/api/health","service":"hospital-erp","timestamp":"2025-12-17T14:02:36.425Z"}
{"event":"LOGIN_FAILED","ip":"::1","level":"warn","message":"SECURITY_EVENT","reason":"invalid_user","service":"hospital-erp","timestamp":"2025-12-17T14:03:10.480Z","username":"doctor1 "}
