{"level":"info","message":"Hospital ERP Backend running on http://localhost:4000","service":"hospital-erp","timestamp":"2025-12-15T18:22:07.088Z"}
{"level":"info","message":"API Health: http://localhost:4000/api/health","service":"hospital-erp","timestamp":"2025-12-15T18:22:07.090Z"}
{"level":"info","message":"SIGTERM received, shutting down gracefully","service":"hospital-erp","timestamp":"2025-12-16T03:28:27.185Z"}
{"level":"info","message":"Hospital ERP Backend running on http://localhost:4000","service":"hospital-erp","timestamp":"2025-12-16T03:28:28.879Z"}
{"level":"info","message":"API Health: http://localhost:4000/api/health","service":"hospital-erp","timestamp":"2025-12-16T03:28:28.879Z"}
{"level":"info","message":"SIGTERM received, shutting down gracefully","service":"hospital-erp","timestamp":"2025-12-16T03:28:36.790Z"}
{"level":"info","message":"Hospital ERP Backend running on http://localhost:4000","service":"hospital-erp","timestamp":"2025-12-16T03:28:37.407Z"}
{"level":"info","message":"API Health: http://localhost:4000/api/health","service":"hospital-erp","timestamp":"2025-12-16T03:28:37.408Z"}
{"level":"info","message":"SIGTERM received, shutting down gracefully","service":"hospital-erp","timestamp":"2025-12-16T03:37:52.906Z"}
{"level":"info","message":"Hospital ERP Backend running on http://localhost:4000","service":"hospital-erp","timestamp":"2025-12-16T03:37:55.657Z"}
{"level":"info","message":"API Health: http://localhost:4000/api/health","service":"hospital-erp","timestamp":"2025-12-16T03:37:55.658Z"}
{"level":"info","message":"SIGTERM received, shutting down gracefully","service":"hospital-erp","timestamp":"2025-12-16T03:42:20.960Z"}
{"level":"info","message":"Hospital ERP Backend running on http://localhost:4000","service":"hospital-erp","timestamp":"2025-12-16T03:42:21.928Z"}
{"level":"info","message":"API Health: http://localhost:4000/api/health","service":"hospital-erp","timestamp":"2025-12-16T03:42:21.930Z"}
{"level":"info","message":"SIGTERM received, shutting down gracefully","service":"hospital-erp","timestamp":"2025-12-16T03:42:57.959Z"}
{"level":"info","message":"Hospital ERP Backend running on http://localhost:4000","service":"hospital-erp","timestamp":"2025-12-16T03:42:59.257Z"}
{"level":"info","message":"API Health: http://localhost:4000/api/health","service":"hospital-erp","timestamp":"2025-12-16T03:42:59.258Z"}
{"level":"info","message":"SIGTERM received, shutting down gracefully","service":"hospital-erp","timestamp":"2025-12-16T03:54:37.221Z"}
{"level":"info","message":"Hospital ERP Backend running on http://localhost:4000","service":"hospital-erp","timestamp":"2025-12-16T03:54:39.769Z"}
{"level":"info","message":"API Health: http://localhost:4000/api/health","service":"hospital-erp","timestamp":"2025-12-16T03:54:39.770Z"}
{"level":"info","message":"SIGTERM received, shutting down gracefully","service":"hospital-erp","timestamp":"2025-12-16T05:51:29.951Z"}
{"level":"info","message":"WebSocket server initialized","path":"/ws","service":"hospital-erp","timestamp":"2026-01-03T07:52:31.109Z"}
{"level":"info","message":"Hospital ERP Backend running on http://localhost:4000","service":"hospital-erp","timestamp":"2026-01-03T07:52:32.011Z"}
{"level":"info","message":"API Health: http://localhost:4000/api/health","service":"hospital-erp","timestamp":"2026-01-03T07:52:32.011Z"}
{"level":"info","message":"WebSocket: ws://localhost:4000/ws","service":"hospital-erp","timestamp":"2026-01-03T07:52:32.011Z"}
{"level":"warn","message":"Redis connection error:","service":"hospital-erp","timestamp":"2026-01-03T07:52:32.016Z"}
{"level":"warn","message":"Redis connection closed","service":"hospital-erp","timestamp":"2026-01-03T07:52:32.016Z"}
{"level":"warn","message":"Failed to connect to Redis:","service":"hospital-erp","timestamp":"2026-01-03T07:52:32.016Z"}
{"level":"warn","message":"Redis connection error:","service":"hospital-erp","timestamp":"2026-01-03T07:52:32.068Z"}
{"level":"warn","message":"Redis connection closed","service":"hospital-erp","timestamp":"2026-01-03T07:52:32.068Z"}
{"level":"warn","message":"Redis connection error:","service":"hospital-erp","timestamp":"2026-01-03T07:52:32.171Z"}
{"level":"warn","message":"Redis connection closed","service":"hospital-erp","timestamp":"2026-01-03T07:52:32.171Z"}
{"level":"warn","message":"Redis connection error:","service":"hospital-erp","timestamp":"2026-01-03T07:52:32.323Z"}
{"level":"warn","message":"Redis connection failed after 3 retries. Operating without cache.","service":"hospital-erp","timestamp":"2026-01-03T07:52:32.324Z"}
{"level":"warn","message":"Redis connection closed","service":"hospital-erp","timestamp":"2026-01-03T07:52:32.324Z"}
{"level":"info","message":"SIGTERM received, shutting down gracefully","service":"hospital-erp","timestamp":"2026-01-03T10:55:32.094Z"}
{"level":"info","message":"WebSocket server initialized","path":"/ws","service":"hospital-erp","timestamp":"2026-01-03T10:55:32.691Z"}
{"level":"info","message":"Hospital ERP Backend running on http://localhost:4000","service":"hospital-erp","timestamp":"2026-01-03T10:55:32.759Z"}
{"level":"info","message":"API Health: http://localhost:4000/api/health","service":"hospital-erp","timestamp":"2026-01-03T10:55:32.759Z"}
{"level":"info","message":"WebSocket: ws://localhost:4000/ws","service":"hospital-erp","timestamp":"2026-01-03T10:55:32.759Z"}
{"level":"warn","message":"Redis connection error:","service":"hospital-erp","timestamp":"2026-01-03T10:55:32.761Z"}
{"level":"warn","message":"Redis connection closed","service":"hospital-erp","timestamp":"2026-01-03T10:55:32.762Z"}
{"level":"warn","message":"Failed to connect to Redis:","service":"hospital-erp","timestamp":"2026-01-03T10:55:32.762Z"}
{"level":"warn","message":"Redis connection error:","service":"hospital-erp","timestamp":"2026-01-03T10:55:32.814Z"}
{"level":"warn","message":"Redis connection closed","service":"hospital-erp","timestamp":"2026-01-03T10:55:32.814Z"}
{"level":"warn","message":"Redis connection error:","service":"hospital-erp","timestamp":"2026-01-03T10:55:32.918Z"}
{"level":"warn","message":"Redis connection closed","service":"hospital-erp","timestamp":"2026-01-03T10:55:32.918Z"}
{"level":"warn","message":"Redis connection error:","service":"hospital-erp","timestamp":"2026-01-03T10:55:33.071Z"}
{"level":"warn","message":"Redis connection failed after 3 retries. Operating without cache.","service":"hospital-erp","timestamp":"2026-01-03T10:55:33.072Z"}
{"level":"warn","message":"Redis connection closed","service":"hospital-erp","timestamp":"2026-01-03T10:55:33.072Z"}
